core/designsystem/proguard-rules.pro
# Proguard rules for design system
-keep class com.thamanya.designsystem.** { *; }